

Processing ApplicationController#index (for 127.0.0.1 at 2010-02-03 23:28:33) [GET]

ActionController::RoutingError (No route matches "/oranizations" with {:method=>:get}):
  

Rendering rescues/layout (not_found)


Processing ApplicationController#index (for 127.0.0.1 at 2010-02-03 23:30:06) [GET]

ActionController::RoutingError (No route matches "/oranizations" with {:method=>:get}):
  

Rendering rescues/layout (not_found)


Processing ApplicationController#index (for 127.0.0.1 at 2010-02-03 23:30:06) [GET]

ActionController::RoutingError (No route matches "/oranizations" with {:method=>:get}):
  

Rendering rescues/layout (not_found)


Processing ApplicationController#index (for 127.0.0.1 at 2010-02-03 23:30:21) [GET]

ActionController::RoutingError (No route matches "/oranizations/index" with {:method=>:get}):
  

Rendering rescues/layout (not_found)


Processing ApplicationController#index (for 127.0.0.1 at 2010-02-03 23:30:25) [GET]

ActionController::RoutingError (No route matches "/oranization/index" with {:method=>:get}):
  

Rendering rescues/layout (not_found)


Processing ApplicationController#index (for 127.0.0.1 at 2010-02-03 23:30:29) [GET]

ActionController::RoutingError (No route matches "/organization/index" with {:method=>:get}):
  

Rendering rescues/layout (not_found)


Processing ApplicationController#index (for 127.0.0.1 at 2010-02-03 23:30:31) [GET]

ActionController::RoutingError (No route matches "/organization" with {:method=>:get}):
  

Rendering rescues/layout (not_found)


Processing OrganizationsController#index (for 127.0.0.1 at 2010-02-03 23:30:34) [GET]

ActionView::MissingTemplate (Missing template organizations/index.erb in view path app/views):
  

Rendering rescues/layout (internal_server_error)


Processing OrganizationsController#index (for 127.0.0.1 at 2010-02-04 00:26:36) [GET]

ActionView::MissingTemplate (Missing template organizations/index.erb in view path app/views):
  

Rendering rescues/layout (internal_server_error)


Processing OrganizationsController#index (for 127.0.0.1 at 2010-02-08 22:43:28) [GET]

ActionView::MissingTemplate (Missing template organizations/index.erb in view path app/views):
  

Rendering rescues/layout (internal_server_error)


Processing OrganizationsController#index (for 127.0.0.1 at 2010-02-08 22:44:40) [GET]

ActionController::UnknownAction (No action responded to index. Actions: ):
  

Rendering rescues/layout (not_found)


Processing OrganizationsController#index (for 127.0.0.1 at 2010-02-08 22:44:52) [GET]

ActionView::MissingTemplate (Missing template organizations/index.erb in view path app/views):
  

Rendering rescues/layout (internal_server_error)


Processing OrganizationsController#index (for 127.0.0.1 at 2010-02-08 22:45:31) [GET]
Rendering organizations/index
Completed in 72ms (View: 70, DB: 0) | 200 OK [http://localhost/organizations]


Processing OrganizationsController#index (for 127.0.0.1 at 2010-02-08 22:46:33) [GET]
  [4;36;1mOrganization Load (0.0ms)[0m   [0;1mSQLite3::SQLException: no such table: organizations: SELECT * FROM "organizations" [0m

ActiveRecord::StatementInvalid (SQLite3::SQLException: no such table: organizations: SELECT * FROM "organizations" ):
  app/controllers/organizations_controller.rb:3:in `index'

Rendered rescues/_trace (44.2ms)
Rendered rescues/_request_and_response (1.6ms)
Rendering rescues/layout (internal_server_error)
/!\ FAILSAFE /!\  Mon Feb 08 22:47:22 -0500 2010
  Status: 500 Internal Server Error
  Unknown database 'organizations'
    /Users/adam/.gem/ruby/1.8/gems/activerecord-2.3.5/lib/active_record/connection_adapters/mysql_adapter.rb:589:in `real_connect'
    /Users/adam/.gem/ruby/1.8/gems/activerecord-2.3.5/lib/active_record/connection_adapters/mysql_adapter.rb:589:in `connect'
    /Users/adam/.gem/ruby/1.8/gems/activerecord-2.3.5/lib/active_record/connection_adapters/mysql_adapter.rb:203:in `initialize'
    /Users/adam/.gem/ruby/1.8/gems/activerecord-2.3.5/lib/active_record/connection_adapters/mysql_adapter.rb:75:in `new'
    /Users/adam/.gem/ruby/1.8/gems/activerecord-2.3.5/lib/active_record/connection_adapters/mysql_adapter.rb:75:in `mysql_connection'
    /Users/adam/.gem/ruby/1.8/gems/activerecord-2.3.5/lib/active_record/connection_adapters/abstract/connection_pool.rb:223:in `send'
    /Users/adam/.gem/ruby/1.8/gems/activerecord-2.3.5/lib/active_record/connection_adapters/abstract/connection_pool.rb:223:in `new_connection'
    /Users/adam/.gem/ruby/1.8/gems/activerecord-2.3.5/lib/active_record/connection_adapters/abstract/connection_pool.rb:245:in `checkout_new_connection'
    /Users/adam/.gem/ruby/1.8/gems/activerecord-2.3.5/lib/active_record/connection_adapters/abstract/connection_pool.rb:188:in `checkout'
    /Users/adam/.gem/ruby/1.8/gems/activerecord-2.3.5/lib/active_record/connection_adapters/abstract/connection_pool.rb:184:in `loop'
    /Users/adam/.gem/ruby/1.8/gems/activerecord-2.3.5/lib/active_record/connection_adapters/abstract/connection_pool.rb:184:in `checkout'
    /System/Library/Frameworks/Ruby.framework/Versions/1.8/usr/lib/ruby/1.8/monitor.rb:242:in `synchronize'
    /Users/adam/.gem/ruby/1.8/gems/activerecord-2.3.5/lib/active_record/connection_adapters/abstract/connection_pool.rb:183:in `checkout'
    /Users/adam/.gem/ruby/1.8/gems/activerecord-2.3.5/lib/active_record/connection_adapters/abstract/connection_pool.rb:98:in `connection'
    /Users/adam/.gem/ruby/1.8/gems/activerecord-2.3.5/lib/active_record/connection_adapters/abstract/connection_pool.rb:326:in `retrieve_connection'
    /Users/adam/.gem/ruby/1.8/gems/activerecord-2.3.5/lib/active_record/connection_adapters/abstract/connection_specification.rb:123:in `retrieve_connection'
    /Users/adam/.gem/ruby/1.8/gems/activerecord-2.3.5/lib/active_record/connection_adapters/abstract/connection_specification.rb:115:in `connection'
    /Users/adam/.gem/ruby/1.8/gems/activerecord-2.3.5/lib/active_record/query_cache.rb:9:in `cache'
    /Users/adam/.gem/ruby/1.8/gems/activerecord-2.3.5/lib/active_record/query_cache.rb:28:in `call'
    /Users/adam/.gem/ruby/1.8/gems/activerecord-2.3.5/lib/active_record/connection_adapters/abstract/connection_pool.rb:361:in `call'
    /Users/adam/.gem/ruby/1.8/gems/actionpack-2.3.5/lib/action_controller/string_coercion.rb:25:in `call'
    /Users/adam/.gem/ruby/1.8/gems/rack-1.0.1/lib/rack/head.rb:9:in `call'
    /Users/adam/.gem/ruby/1.8/gems/rack-1.0.1/lib/rack/methodoverride.rb:24:in `call'
    /Users/adam/.gem/ruby/1.8/gems/actionpack-2.3.5/lib/action_controller/params_parser.rb:15:in `call'
    /Users/adam/.gem/ruby/1.8/gems/actionpack-2.3.5/lib/action_controller/session/cookie_store.rb:93:in `call'
    /Users/adam/.gem/ruby/1.8/gems/actionpack-2.3.5/lib/action_controller/failsafe.rb:26:in `call'
    /Users/adam/.gem/ruby/1.8/gems/rack-1.0.1/lib/rack/lock.rb:11:in `call'
    /Users/adam/.gem/ruby/1.8/gems/rack-1.0.1/lib/rack/lock.rb:11:in `synchronize'
    /Users/adam/.gem/ruby/1.8/gems/rack-1.0.1/lib/rack/lock.rb:11:in `call'
    /Users/adam/.gem/ruby/1.8/gems/actionpack-2.3.5/lib/action_controller/dispatcher.rb:114:in `call'
    /Users/adam/.gem/ruby/1.8/gems/actionpack-2.3.5/lib/action_controller/reloader.rb:34:in `run'
    /Users/adam/.gem/ruby/1.8/gems/actionpack-2.3.5/lib/action_controller/dispatcher.rb:108:in `call'
    /Library/Ruby/Gems/1.8/gems/rails-2.3.5/lib/rails/rack/static.rb:31:in `call'
    /Users/adam/.gem/ruby/1.8/gems/rack-1.0.1/lib/rack/urlmap.rb:46:in `call'
    /Users/adam/.gem/ruby/1.8/gems/rack-1.0.1/lib/rack/urlmap.rb:40:in `each'
    /Users/adam/.gem/ruby/1.8/gems/rack-1.0.1/lib/rack/urlmap.rb:40:in `call'
    /Library/Ruby/Gems/1.8/gems/rails-2.3.5/lib/rails/rack/log_tailer.rb:17:in `call'
    /Users/adam/.gem/ruby/1.8/gems/rack-1.0.1/lib/rack/content_length.rb:13:in `call'
    /Users/adam/.gem/ruby/1.8/gems/rack-1.0.1/lib/rack/chunked.rb:15:in `call'
    /Users/adam/.gem/ruby/1.8/gems/rack-1.0.1/lib/rack/handler/mongrel.rb:64:in `process'
    /Library/Ruby/Gems/1.8/gems/mongrel-1.1.5/lib/mongrel.rb:159:in `process_client'
    /Library/Ruby/Gems/1.8/gems/mongrel-1.1.5/lib/mongrel.rb:158:in `each'
    /Library/Ruby/Gems/1.8/gems/mongrel-1.1.5/lib/mongrel.rb:158:in `process_client'
    /Library/Ruby/Gems/1.8/gems/mongrel-1.1.5/lib/mongrel.rb:285:in `run'
    /Library/Ruby/Gems/1.8/gems/mongrel-1.1.5/lib/mongrel.rb:285:in `initialize'
    /Library/Ruby/Gems/1.8/gems/mongrel-1.1.5/lib/mongrel.rb:285:in `new'
    /Library/Ruby/Gems/1.8/gems/mongrel-1.1.5/lib/mongrel.rb:285:in `run'
    /Library/Ruby/Gems/1.8/gems/mongrel-1.1.5/lib/mongrel.rb:268:in `initialize'
    /Library/Ruby/Gems/1.8/gems/mongrel-1.1.5/lib/mongrel.rb:268:in `new'
    /Library/Ruby/Gems/1.8/gems/mongrel-1.1.5/lib/mongrel.rb:268:in `run'
    /Users/adam/.gem/ruby/1.8/gems/rack-1.0.1/lib/rack/handler/mongrel.rb:34:in `run'
    /Library/Ruby/Gems/1.8/gems/rails-2.3.5/lib/commands/server.rb:111
    /Library/Ruby/Site/1.8/rubygems/custom_require.rb:31:in `gem_original_require'
    /Library/Ruby/Site/1.8/rubygems/custom_require.rb:31:in `require'
    ./script/server:3
/!\ FAILSAFE /!\  Mon Feb 08 22:47:23 -0500 2010
  Status: 500 Internal Server Error
  Unknown database 'organizations'
    /Users/adam/.gem/ruby/1.8/gems/activerecord-2.3.5/lib/active_record/connection_adapters/mysql_adapter.rb:589:in `real_connect'
    /Users/adam/.gem/ruby/1.8/gems/activerecord-2.3.5/lib/active_record/connection_adapters/mysql_adapter.rb:589:in `connect'
    /Users/adam/.gem/ruby/1.8/gems/activerecord-2.3.5/lib/active_record/connection_adapters/mysql_adapter.rb:203:in `initialize'
    /Users/adam/.gem/ruby/1.8/gems/activerecord-2.3.5/lib/active_record/connection_adapters/mysql_adapter.rb:75:in `new'
    /Users/adam/.gem/ruby/1.8/gems/activerecord-2.3.5/lib/active_record/connection_adapters/mysql_adapter.rb:75:in `mysql_connection'
    /Users/adam/.gem/ruby/1.8/gems/activerecord-2.3.5/lib/active_record/connection_adapters/abstract/connection_pool.rb:223:in `send'
    /Users/adam/.gem/ruby/1.8/gems/activerecord-2.3.5/lib/active_record/connection_adapters/abstract/connection_pool.rb:223:in `new_connection'
    /Users/adam/.gem/ruby/1.8/gems/activerecord-2.3.5/lib/active_record/connection_adapters/abstract/connection_pool.rb:245:in `checkout_new_connection'
    /Users/adam/.gem/ruby/1.8/gems/activerecord-2.3.5/lib/active_record/connection_adapters/abstract/connection_pool.rb:188:in `checkout'
    /Users/adam/.gem/ruby/1.8/gems/activerecord-2.3.5/lib/active_record/connection_adapters/abstract/connection_pool.rb:184:in `loop'
    /Users/adam/.gem/ruby/1.8/gems/activerecord-2.3.5/lib/active_record/connection_adapters/abstract/connection_pool.rb:184:in `checkout'
    /System/Library/Frameworks/Ruby.framework/Versions/1.8/usr/lib/ruby/1.8/monitor.rb:242:in `synchronize'
    /Users/adam/.gem/ruby/1.8/gems/activerecord-2.3.5/lib/active_record/connection_adapters/abstract/connection_pool.rb:183:in `checkout'
    /Users/adam/.gem/ruby/1.8/gems/activerecord-2.3.5/lib/active_record/connection_adapters/abstract/connection_pool.rb:98:in `connection'
    /Users/adam/.gem/ruby/1.8/gems/activerecord-2.3.5/lib/active_record/connection_adapters/abstract/connection_pool.rb:326:in `retrieve_connection'
    /Users/adam/.gem/ruby/1.8/gems/activerecord-2.3.5/lib/active_record/connection_adapters/abstract/connection_specification.rb:123:in `retrieve_connection'
    /Users/adam/.gem/ruby/1.8/gems/activerecord-2.3.5/lib/active_record/connection_adapters/abstract/connection_specification.rb:115:in `connection'
    /Users/adam/.gem/ruby/1.8/gems/activerecord-2.3.5/lib/active_record/query_cache.rb:9:in `cache'
    /Users/adam/.gem/ruby/1.8/gems/activerecord-2.3.5/lib/active_record/query_cache.rb:28:in `call'
    /Users/adam/.gem/ruby/1.8/gems/activerecord-2.3.5/lib/active_record/connection_adapters/abstract/connection_pool.rb:361:in `call'
    /Users/adam/.gem/ruby/1.8/gems/actionpack-2.3.5/lib/action_controller/string_coercion.rb:25:in `call'
    /Users/adam/.gem/ruby/1.8/gems/rack-1.0.1/lib/rack/head.rb:9:in `call'
    /Users/adam/.gem/ruby/1.8/gems/rack-1.0.1/lib/rack/methodoverride.rb:24:in `call'
    /Users/adam/.gem/ruby/1.8/gems/actionpack-2.3.5/lib/action_controller/params_parser.rb:15:in `call'
    /Users/adam/.gem/ruby/1.8/gems/actionpack-2.3.5/lib/action_controller/session/cookie_store.rb:93:in `call'
    /Users/adam/.gem/ruby/1.8/gems/actionpack-2.3.5/lib/action_controller/failsafe.rb:26:in `call'
    /Users/adam/.gem/ruby/1.8/gems/rack-1.0.1/lib/rack/lock.rb:11:in `call'
    /Users/adam/.gem/ruby/1.8/gems/rack-1.0.1/lib/rack/lock.rb:11:in `synchronize'
    /Users/adam/.gem/ruby/1.8/gems/rack-1.0.1/lib/rack/lock.rb:11:in `call'
    /Users/adam/.gem/ruby/1.8/gems/actionpack-2.3.5/lib/action_controller/dispatcher.rb:114:in `call'
    /Users/adam/.gem/ruby/1.8/gems/actionpack-2.3.5/lib/action_controller/reloader.rb:34:in `run'
    /Users/adam/.gem/ruby/1.8/gems/actionpack-2.3.5/lib/action_controller/dispatcher.rb:108:in `call'
    /Library/Ruby/Gems/1.8/gems/rails-2.3.5/lib/rails/rack/static.rb:31:in `call'
    /Users/adam/.gem/ruby/1.8/gems/rack-1.0.1/lib/rack/urlmap.rb:46:in `call'
    /Users/adam/.gem/ruby/1.8/gems/rack-1.0.1/lib/rack/urlmap.rb:40:in `each'
    /Users/adam/.gem/ruby/1.8/gems/rack-1.0.1/lib/rack/urlmap.rb:40:in `call'
    /Library/Ruby/Gems/1.8/gems/rails-2.3.5/lib/rails/rack/log_tailer.rb:17:in `call'
    /Users/adam/.gem/ruby/1.8/gems/rack-1.0.1/lib/rack/content_length.rb:13:in `call'
    /Users/adam/.gem/ruby/1.8/gems/rack-1.0.1/lib/rack/chunked.rb:15:in `call'
    /Users/adam/.gem/ruby/1.8/gems/rack-1.0.1/lib/rack/handler/mongrel.rb:64:in `process'
    /Library/Ruby/Gems/1.8/gems/mongrel-1.1.5/lib/mongrel.rb:159:in `process_client'
    /Library/Ruby/Gems/1.8/gems/mongrel-1.1.5/lib/mongrel.rb:158:in `each'
    /Library/Ruby/Gems/1.8/gems/mongrel-1.1.5/lib/mongrel.rb:158:in `process_client'
    /Library/Ruby/Gems/1.8/gems/mongrel-1.1.5/lib/mongrel.rb:285:in `run'
    /Library/Ruby/Gems/1.8/gems/mongrel-1.1.5/lib/mongrel.rb:285:in `initialize'
    /Library/Ruby/Gems/1.8/gems/mongrel-1.1.5/lib/mongrel.rb:285:in `new'
    /Library/Ruby/Gems/1.8/gems/mongrel-1.1.5/lib/mongrel.rb:285:in `run'
    /Library/Ruby/Gems/1.8/gems/mongrel-1.1.5/lib/mongrel.rb:268:in `initialize'
    /Library/Ruby/Gems/1.8/gems/mongrel-1.1.5/lib/mongrel.rb:268:in `new'
    /Library/Ruby/Gems/1.8/gems/mongrel-1.1.5/lib/mongrel.rb:268:in `run'
    /Users/adam/.gem/ruby/1.8/gems/rack-1.0.1/lib/rack/handler/mongrel.rb:34:in `run'
    /Library/Ruby/Gems/1.8/gems/rails-2.3.5/lib/commands/server.rb:111
    /Library/Ruby/Site/1.8/rubygems/custom_require.rb:31:in `gem_original_require'
    /Library/Ruby/Site/1.8/rubygems/custom_require.rb:31:in `require'
    ./script/server:3
/!\ FAILSAFE /!\  Mon Feb 08 22:47:23 -0500 2010
  Status: 500 Internal Server Error
  Unknown database 'organizations'
    /Users/adam/.gem/ruby/1.8/gems/activerecord-2.3.5/lib/active_record/connection_adapters/mysql_adapter.rb:589:in `real_connect'
    /Users/adam/.gem/ruby/1.8/gems/activerecord-2.3.5/lib/active_record/connection_adapters/mysql_adapter.rb:589:in `connect'
    /Users/adam/.gem/ruby/1.8/gems/activerecord-2.3.5/lib/active_record/connection_adapters/mysql_adapter.rb:203:in `initialize'
    /Users/adam/.gem/ruby/1.8/gems/activerecord-2.3.5/lib/active_record/connection_adapters/mysql_adapter.rb:75:in `new'
    /Users/adam/.gem/ruby/1.8/gems/activerecord-2.3.5/lib/active_record/connection_adapters/mysql_adapter.rb:75:in `mysql_connection'
    /Users/adam/.gem/ruby/1.8/gems/activerecord-2.3.5/lib/active_record/connection_adapters/abstract/connection_pool.rb:223:in `send'
    /Users/adam/.gem/ruby/1.8/gems/activerecord-2.3.5/lib/active_record/connection_adapters/abstract/connection_pool.rb:223:in `new_connection'
    /Users/adam/.gem/ruby/1.8/gems/activerecord-2.3.5/lib/active_record/connection_adapters/abstract/connection_pool.rb:245:in `checkout_new_connection'
    /Users/adam/.gem/ruby/1.8/gems/activerecord-2.3.5/lib/active_record/connection_adapters/abstract/connection_pool.rb:188:in `checkout'
    /Users/adam/.gem/ruby/1.8/gems/activerecord-2.3.5/lib/active_record/connection_adapters/abstract/connection_pool.rb:184:in `loop'
    /Users/adam/.gem/ruby/1.8/gems/activerecord-2.3.5/lib/active_record/connection_adapters/abstract/connection_pool.rb:184:in `checkout'
    /System/Library/Frameworks/Ruby.framework/Versions/1.8/usr/lib/ruby/1.8/monitor.rb:242:in `synchronize'
    /Users/adam/.gem/ruby/1.8/gems/activerecord-2.3.5/lib/active_record/connection_adapters/abstract/connection_pool.rb:183:in `checkout'
    /Users/adam/.gem/ruby/1.8/gems/activerecord-2.3.5/lib/active_record/connection_adapters/abstract/connection_pool.rb:98:in `connection'
    /Users/adam/.gem/ruby/1.8/gems/activerecord-2.3.5/lib/active_record/connection_adapters/abstract/connection_pool.rb:326:in `retrieve_connection'
    /Users/adam/.gem/ruby/1.8/gems/activerecord-2.3.5/lib/active_record/connection_adapters/abstract/connection_specification.rb:123:in `retrieve_connection'
    /Users/adam/.gem/ruby/1.8/gems/activerecord-2.3.5/lib/active_record/connection_adapters/abstract/connection_specification.rb:115:in `connection'
    /Users/adam/.gem/ruby/1.8/gems/activerecord-2.3.5/lib/active_record/query_cache.rb:9:in `cache'
    /Users/adam/.gem/ruby/1.8/gems/activerecord-2.3.5/lib/active_record/query_cache.rb:28:in `call'
    /Users/adam/.gem/ruby/1.8/gems/activerecord-2.3.5/lib/active_record/connection_adapters/abstract/connection_pool.rb:361:in `call'
    /Users/adam/.gem/ruby/1.8/gems/actionpack-2.3.5/lib/action_controller/string_coercion.rb:25:in `call'
    /Users/adam/.gem/ruby/1.8/gems/rack-1.0.1/lib/rack/head.rb:9:in `call'
    /Users/adam/.gem/ruby/1.8/gems/rack-1.0.1/lib/rack/methodoverride.rb:24:in `call'
    /Users/adam/.gem/ruby/1.8/gems/actionpack-2.3.5/lib/action_controller/params_parser.rb:15:in `call'
    /Users/adam/.gem/ruby/1.8/gems/actionpack-2.3.5/lib/action_controller/session/cookie_store.rb:93:in `call'
    /Users/adam/.gem/ruby/1.8/gems/actionpack-2.3.5/lib/action_controller/failsafe.rb:26:in `call'
    /Users/adam/.gem/ruby/1.8/gems/rack-1.0.1/lib/rack/lock.rb:11:in `call'
    /Users/adam/.gem/ruby/1.8/gems/rack-1.0.1/lib/rack/lock.rb:11:in `synchronize'
    /Users/adam/.gem/ruby/1.8/gems/rack-1.0.1/lib/rack/lock.rb:11:in `call'
    /Users/adam/.gem/ruby/1.8/gems/actionpack-2.3.5/lib/action_controller/dispatcher.rb:114:in `call'
    /Users/adam/.gem/ruby/1.8/gems/actionpack-2.3.5/lib/action_controller/reloader.rb:34:in `run'
    /Users/adam/.gem/ruby/1.8/gems/actionpack-2.3.5/lib/action_controller/dispatcher.rb:108:in `call'
    /Library/Ruby/Gems/1.8/gems/rails-2.3.5/lib/rails/rack/static.rb:31:in `call'
    /Users/adam/.gem/ruby/1.8/gems/rack-1.0.1/lib/rack/urlmap.rb:46:in `call'
    /Users/adam/.gem/ruby/1.8/gems/rack-1.0.1/lib/rack/urlmap.rb:40:in `each'
    /Users/adam/.gem/ruby/1.8/gems/rack-1.0.1/lib/rack/urlmap.rb:40:in `call'
    /Library/Ruby/Gems/1.8/gems/rails-2.3.5/lib/rails/rack/log_tailer.rb:17:in `call'
    /Users/adam/.gem/ruby/1.8/gems/rack-1.0.1/lib/rack/content_length.rb:13:in `call'
    /Users/adam/.gem/ruby/1.8/gems/rack-1.0.1/lib/rack/chunked.rb:15:in `call'
    /Users/adam/.gem/ruby/1.8/gems/rack-1.0.1/lib/rack/handler/mongrel.rb:64:in `process'
    /Library/Ruby/Gems/1.8/gems/mongrel-1.1.5/lib/mongrel.rb:159:in `process_client'
    /Library/Ruby/Gems/1.8/gems/mongrel-1.1.5/lib/mongrel.rb:158:in `each'
    /Library/Ruby/Gems/1.8/gems/mongrel-1.1.5/lib/mongrel.rb:158:in `process_client'
    /Library/Ruby/Gems/1.8/gems/mongrel-1.1.5/lib/mongrel.rb:285:in `run'
    /Library/Ruby/Gems/1.8/gems/mongrel-1.1.5/lib/mongrel.rb:285:in `initialize'
    /Library/Ruby/Gems/1.8/gems/mongrel-1.1.5/lib/mongrel.rb:285:in `new'
    /Library/Ruby/Gems/1.8/gems/mongrel-1.1.5/lib/mongrel.rb:285:in `run'
    /Library/Ruby/Gems/1.8/gems/mongrel-1.1.5/lib/mongrel.rb:268:in `initialize'
    /Library/Ruby/Gems/1.8/gems/mongrel-1.1.5/lib/mongrel.rb:268:in `new'
    /Library/Ruby/Gems/1.8/gems/mongrel-1.1.5/lib/mongrel.rb:268:in `run'
    /Users/adam/.gem/ruby/1.8/gems/rack-1.0.1/lib/rack/handler/mongrel.rb:34:in `run'
    /Library/Ruby/Gems/1.8/gems/rails-2.3.5/lib/commands/server.rb:111
    /Library/Ruby/Site/1.8/rubygems/custom_require.rb:31:in `gem_original_require'
    /Library/Ruby/Site/1.8/rubygems/custom_require.rb:31:in `require'
    ./script/server:3
  [4;36;1mSQL (0.1ms)[0m   [0;1mSET SQL_AUTO_IS_NULL=0[0m


Processing OrganizationsController#index (for 127.0.0.1 at 2010-02-08 22:47:41) [GET]
  [4;35;1mOrganization Load (0.4ms)[0m   [0mSELECT * FROM `organizations` [0m
Rendering organizations/index
Completed in 11ms (View: 6, DB: 1) | 200 OK [http://localhost/organizations]
  [4;36;1mSQL (0.8ms)[0m   [0;1mSET SQL_AUTO_IS_NULL=0[0m


Processing OrganizationsController#index (for 127.0.0.1 at 2010-02-08 22:47:42) [GET]
  [4;35;1mOrganization Load (0.2ms)[0m   [0mSELECT * FROM `organizations` [0m
Rendering organizations/index
Completed in 5ms (View: 1, DB: 1) | 200 OK [http://localhost/organizations]
  [4;36;1mSQL (0.2ms)[0m   [0;1mSET SQL_AUTO_IS_NULL=0[0m


Processing OrganizationsController#index (for 127.0.0.1 at 2010-02-08 22:48:18) [GET]
  [4;35;1mOrganization Load (0.4ms)[0m   [0mSELECT * FROM `organizations` [0m
Rendering organizations/index
Completed in 5ms (View: 1, DB: 1) | 200 OK [http://localhost/organizations]
  [4;36;1mSQL (0.1ms)[0m   [0;1mSET SQL_AUTO_IS_NULL=0[0m


Processing OrganizationsController#index (for 127.0.0.1 at 2010-02-08 22:48:55) [GET]
  [4;35;1mOrganization Load (0.3ms)[0m   [0mSELECT * FROM `organizations` [0m
Rendering organizations/index
Completed in 6ms (View: 1, DB: 0) | 200 OK [http://localhost/organizations]
  [4;36;1mSQL (0.1ms)[0m   [0;1mSET SQL_AUTO_IS_NULL=0[0m


Processing OrganizationsController#index (for 127.0.0.1 at 2010-02-08 22:50:27) [GET]
  [4;35;1mOrganization Load (0.3ms)[0m   [0mSELECT * FROM `organizations` [0m
Rendering organizations/index
Completed in 9ms (View: 5, DB: 0) | 200 OK [http://localhost/organizations]
  [4;36;1mSQL (0.1ms)[0m   [0;1mSET SQL_AUTO_IS_NULL=0[0m


Processing OrganizationsController#create (for 127.0.0.1 at 2010-02-08 22:50:32) [GET]
  [4;35;1mOrganization Columns (1.6ms)[0m   [0mSHOW FIELDS FROM `organizations`[0m

ActionView::MissingTemplate (Missing template organizations/create.erb in view path app/views):
  

Rendering rescues/layout (internal_server_error)
  [4;36;1mSQL (0.1ms)[0m   [0;1mSET SQL_AUTO_IS_NULL=0[0m


Processing OrganizationsController#create (for 127.0.0.1 at 2010-02-08 22:50:50) [GET]
  [4;35;1mOrganization Columns (1.2ms)[0m   [0mSHOW FIELDS FROM `organizations`[0m
Rendering organizations/create
Completed in 10ms (View: 5, DB: 1) | 200 OK [http://localhost/organizations/create]
  [4;36;1mSQL (0.1ms)[0m   [0;1mSET SQL_AUTO_IS_NULL=0[0m


Processing OrganizationsController#create (for 127.0.0.1 at 2010-02-08 22:52:37) [GET]
  [4;35;1mOrganization Columns (1.5ms)[0m   [0mSHOW FIELDS FROM `organizations`[0m
Rendering organizations/create
Completed in 10ms (View: 4, DB: 2) | 200 OK [http://localhost/organizations/create]
  [4;36;1mSQL (0.1ms)[0m   [0;1mSET SQL_AUTO_IS_NULL=0[0m


Processing OrganizationsController#create (for 127.0.0.1 at 2010-02-08 22:52:55) [GET]
  [4;35;1mOrganization Columns (1.9ms)[0m   [0mSHOW FIELDS FROM `organizations`[0m
Rendering organizations/create
Completed in 11ms (View: 5, DB: 2) | 200 OK [http://localhost/organizations/create]
  [4;36;1mSQL (0.1ms)[0m   [0;1mSET SQL_AUTO_IS_NULL=0[0m


Processing OrganizationsController#create (for 127.0.0.1 at 2010-02-08 22:53:50) [GET]
  [4;35;1mOrganization Columns (1.3ms)[0m   [0mSHOW FIELDS FROM `organizations`[0m
Completed in 6ms (View: 1, DB: 1) | 200 OK [http://localhost/organizations/create]
  [4;36;1mSQL (0.1ms)[0m   [0;1mSET SQL_AUTO_IS_NULL=0[0m


Processing OrganizationsController#create (for 127.0.0.1 at 2010-02-08 22:55:20) [GET]
  [4;35;1mOrganization Columns (1.5ms)[0m   [0mSHOW FIELDS FROM `organizations`[0m
Rendering organizations/create
Completed in 7ms (View: 1, DB: 2) | 200 OK [http://localhost/organizations/create]
  [4;36;1mSQL (0.2ms)[0m   [0;1mSET SQL_AUTO_IS_NULL=0[0m


Processing OrganizationsController#create (for 127.0.0.1 at 2010-02-08 22:55:36) [POST]
  Parameters: {"address"=>"1164 park ridge", "city"=>"oshawa", "country"=>"canada", "prov_st"=>"ontario", "email"=>"adamw@tbcn.ca"}

ActionController::InvalidAuthenticityToken (ActionController::InvalidAuthenticityToken):
  

Rendered rescues/_trace (37.8ms)
Rendered rescues/_request_and_response (1.5ms)
Rendering rescues/layout (unprocessable_entity)
  [4;35;1mSQL (0.1ms)[0m   [0mSET SQL_AUTO_IS_NULL=0[0m


Processing OrganizationsController#create (for 127.0.0.1 at 2010-02-08 22:56:30) [POST]
  Parameters: {"address"=>"1164 park ridge", "city"=>"oshawa", "country"=>"canada", "prov_st"=>"ontario", "email"=>"adamw@tbcn.ca"}
  [4;36;1mOrganization Columns (1.3ms)[0m   [0;1mSHOW FIELDS FROM `organizations`[0m

NameError (uninitialized constant OrganizationsController::Org):
  app/controllers/organizations_controller.rb:12:in `create'

Rendered rescues/_trace (34.6ms)
Rendered rescues/_request_and_response (0.4ms)
Rendering rescues/layout (internal_server_error)
  [4;35;1mSQL (0.1ms)[0m   [0mSET SQL_AUTO_IS_NULL=0[0m


Processing OrganizationsController#create (for 127.0.0.1 at 2010-02-08 22:56:47) [POST]
  Parameters: {"address"=>"1164 park ridge", "city"=>"oshawa", "country"=>"canada", "prov_st"=>"ontario", "email"=>"adamw@tbcn.ca"}
  [4;36;1mOrganization Columns (1.3ms)[0m   [0;1mSHOW FIELDS FROM `organizations`[0m
  [4;35;1mSQL (1.0ms)[0m   [0mBEGIN[0m
  [4;36;1mOrganization Create (0.2ms)[0m   [0;1mINSERT INTO `organizations` (`address`, `city`, `country`, `prov_st`, `email`) VALUES('1164 park ridge', 'oshawa', 'canada', 'ontario', 'adamw@tbcn.ca')[0m
  [4;35;1mSQL (0.3ms)[0m   [0mCOMMIT[0m
Redirected to http://localhost:3000/organizations/
Completed in 11ms (DB: 3) | 302 Found [http://localhost/organizations/create]
  [4;36;1mSQL (0.1ms)[0m   [0;1mSET SQL_AUTO_IS_NULL=0[0m


Processing OrganizationsController#index (for 127.0.0.1 at 2010-02-08 22:56:47) [GET]
  [4;35;1mOrganization Load (0.5ms)[0m   [0mSELECT * FROM `organizations` [0m
Rendering organizations/index
Completed in 7ms (View: 2, DB: 1) | 200 OK [http://localhost/organizations/]
  [4;36;1mSQL (0.1ms)[0m   [0;1mSET SQL_AUTO_IS_NULL=0[0m


Processing OrganizationsController#create (for 127.0.0.1 at 2010-02-08 22:56:54) [GET]
  [4;35;1mOrganization Columns (1.3ms)[0m   [0mSHOW FIELDS FROM `organizations`[0m
Rendering organizations/create
Completed in 6ms (View: 1, DB: 1) | 200 OK [http://localhost/organizations/create]
  [4;36;1mSQL (0.1ms)[0m   [0;1mSET SQL_AUTO_IS_NULL=0[0m


Processing OrganizationsController#create (for 127.0.0.1 at 2010-02-08 22:57:13) [POST]
  Parameters: {"address"=>"787 Some St", "city"=>"oshawa", "country"=>"canada", "prov_st"=>"ontario", "email"=>"test@example.com"}
  [4;35;1mOrganization Columns (1.7ms)[0m   [0mSHOW FIELDS FROM `organizations`[0m
  [4;36;1mSQL (1.6ms)[0m   [0;1mBEGIN[0m
  [4;35;1mOrganization Create (0.2ms)[0m   [0mINSERT INTO `organizations` (`address`, `city`, `country`, `prov_st`, `email`) VALUES('787 Some St', 'oshawa', 'canada', 'ontario', 'test@example.com')[0m
  [4;36;1mSQL (0.1ms)[0m   [0;1mCOMMIT[0m
Redirected to http://localhost:3000/organizations/
Completed in 12ms (DB: 4) | 302 Found [http://localhost/organizations/create]
  [4;35;1mSQL (0.1ms)[0m   [0mSET SQL_AUTO_IS_NULL=0[0m


Processing OrganizationsController#index (for 127.0.0.1 at 2010-02-08 22:57:13) [GET]
  [4;36;1mOrganization Load (0.3ms)[0m   [0;1mSELECT * FROM `organizations` [0m
Rendering organizations/index
Completed in 5ms (View: 1, DB: 0) | 200 OK [http://localhost/organizations/]
  [4;35;1mSQL (0.1ms)[0m   [0mSET SQL_AUTO_IS_NULL=0[0m


Processing OrganizationsController#index (for 127.0.0.1 at 2010-02-08 22:58:12) [GET]
  [4;36;1mOrganization Load (0.3ms)[0m   [0;1mSELECT * FROM `organizations` [0m
Rendering organizations/index
Completed in 7ms (View: 2, DB: 0) | 200 OK [http://localhost/organizations/]
  [4;35;1mSQL (0.2ms)[0m   [0mSET SQL_AUTO_IS_NULL=0[0m


Processing OrganizationsController#index (for 127.0.0.1 at 2010-02-08 23:00:49) [GET]
  [4;36;1mOrganization Load (0.3ms)[0m   [0;1mSELECT * FROM `organizations` [0m
Rendering organizations/index
Completed in 5ms (View: 1, DB: 0) | 200 OK [http://localhost/organizations/]
  [4;35;1mSQL (0.1ms)[0m   [0mSET SQL_AUTO_IS_NULL=0[0m


Processing OrganizationsController#index (for 127.0.0.1 at 2010-02-08 23:00:50) [GET]
  [4;36;1mOrganization Load (0.3ms)[0m   [0;1mSELECT * FROM `organizations` [0m
Rendering organizations/index
Completed in 5ms (View: 1, DB: 0) | 200 OK [http://localhost/organizations/]
  [4;35;1mSQL (0.1ms)[0m   [0mSET SQL_AUTO_IS_NULL=0[0m


Processing OrganizationsController#index (for 127.0.0.1 at 2010-02-08 23:01:47) [GET]
  [4;36;1mOrganization Load (0.3ms)[0m   [0;1mSELECT * FROM `organizations` [0m
Rendering organizations/index
ERROR: compiling _run_erb_app47views47organizations47index46erb RAISED compile error
/Users/adam/work/intro_to_web_dev/intro-to-web-dev/projects/volunteer/master/app/views/organizations/index.erb:6: syntax error, unexpected ')'
...concat(( @orgs.each do |org| ).to_s); @output_buffer.concat ...
                              ^
/Users/adam/work/intro_to_web_dev/intro-to-web-dev/projects/volunteer/master/app/views/organizations/index.erb:10: syntax error, unexpected kENSURE, expecting ')'
/Users/adam/work/intro_to_web_dev/intro-to-web-dev/projects/volunteer/master/app/views/organizations/index.erb:12: syntax error, unexpected kEND, expecting ')'
Function body:           def _run_erb_app47views47organizations47index46erb(local_assigns)
            old_output_buffer = output_buffer;;@output_buffer = '';  __in_erb_template=true ; @output_buffer.concat "<p>\n  <a href=\"/organizations/create\">create new</a>\n</p>\n"


; @output_buffer.concat(( @orgs.length ).to_s); @output_buffer.concat "\n<ul>\n"

; @output_buffer.concat(( @orgs.each do |org| ).to_s); @output_buffer.concat "\n  <li>"
; @output_buffer.concat(( org.address ).to_s); @output_buffer.concat "</li>\n"
;  end ; @output_buffer.concat "\n</ul>"
; @output_buffer
          ensure
            self.output_buffer = old_output_buffer
          end
Backtrace: /Users/adam/work/intro_to_web_dev/intro-to-web-dev/projects/volunteer/master/app/views/organizations/index.erb:12:in `compile!'
/Users/adam/.gem/ruby/1.8/gems/actionpack-2.3.5/lib/action_view/renderable.rb:61:in `compile'
/Users/adam/.gem/ruby/1.8/gems/actionpack-2.3.5/lib/action_view/renderable.rb:28:in `render'
/Users/adam/.gem/ruby/1.8/gems/actionpack-2.3.5/lib/action_view/template.rb:205:in `render_template'
/Users/adam/.gem/ruby/1.8/gems/actionpack-2.3.5/lib/action_view/base.rb:265:in `render'
/Users/adam/.gem/ruby/1.8/gems/actionpack-2.3.5/lib/action_controller/base.rb:1250:in `render_for_file'
/Users/adam/.gem/ruby/1.8/gems/actionpack-2.3.5/lib/action_controller/base.rb:945:in `render_without_benchmark'
/Users/adam/.gem/ruby/1.8/gems/actionpack-2.3.5/lib/action_controller/benchmarking.rb:51:in `render'
/Users/adam/.gem/ruby/1.8/gems/activesupport-2.3.5/lib/active_support/core_ext/benchmark.rb:17:in `ms'
/System/Library/Frameworks/Ruby.framework/Versions/1.8/usr/lib/ruby/1.8/benchmark.rb:308:in `realtime'
/Users/adam/.gem/ruby/1.8/gems/activesupport-2.3.5/lib/active_support/core_ext/benchmark.rb:17:in `ms'
/Users/adam/.gem/ruby/1.8/gems/actionpack-2.3.5/lib/action_controller/benchmarking.rb:51:in `render'
/Users/adam/.gem/ruby/1.8/gems/actionpack-2.3.5/lib/action_controller/base.rb:1326:in `default_render'
/Users/adam/.gem/ruby/1.8/gems/actionpack-2.3.5/lib/action_controller/base.rb:1332:in `perform_action_without_filters'
/Users/adam/.gem/ruby/1.8/gems/actionpack-2.3.5/lib/action_controller/filters.rb:617:in `call_filters'
/Users/adam/.gem/ruby/1.8/gems/actionpack-2.3.5/lib/action_controller/filters.rb:610:in `perform_action_without_benchmark'
/Users/adam/.gem/ruby/1.8/gems/actionpack-2.3.5/lib/action_controller/benchmarking.rb:68:in `perform_action_without_rescue'
/Users/adam/.gem/ruby/1.8/gems/activesupport-2.3.5/lib/active_support/core_ext/benchmark.rb:17:in `ms'
/System/Library/Frameworks/Ruby.framework/Versions/1.8/usr/lib/ruby/1.8/benchmark.rb:308:in `realtime'
/Users/adam/.gem/ruby/1.8/gems/activesupport-2.3.5/lib/active_support/core_ext/benchmark.rb:17:in `ms'
/Users/adam/.gem/ruby/1.8/gems/actionpack-2.3.5/lib/action_controller/benchmarking.rb:68:in `perform_action_without_rescue'
/Users/adam/.gem/ruby/1.8/gems/actionpack-2.3.5/lib/action_controller/rescue.rb:160:in `perform_action_without_flash'
/Users/adam/.gem/ruby/1.8/gems/actionpack-2.3.5/lib/action_controller/flash.rb:146:in `perform_action'
/Users/adam/.gem/ruby/1.8/gems/actionpack-2.3.5/lib/action_controller/base.rb:532:in `send'
/Users/adam/.gem/ruby/1.8/gems/actionpack-2.3.5/lib/action_controller/base.rb:532:in `process_without_filters'
/Users/adam/.gem/ruby/1.8/gems/actionpack-2.3.5/lib/action_controller/filters.rb:606:in `process'
/Users/adam/.gem/ruby/1.8/gems/actionpack-2.3.5/lib/action_controller/base.rb:391:in `process'
/Users/adam/.gem/ruby/1.8/gems/actionpack-2.3.5/lib/action_controller/base.rb:386:in `call'
/Users/adam/.gem/ruby/1.8/gems/actionpack-2.3.5/lib/action_controller/routing/route_set.rb:437:in `call'
/Users/adam/.gem/ruby/1.8/gems/actionpack-2.3.5/lib/action_controller/dispatcher.rb:87:in `dispatch'
/Users/adam/.gem/ruby/1.8/gems/actionpack-2.3.5/lib/action_controller/dispatcher.rb:121:in `_call'
/Users/adam/.gem/ruby/1.8/gems/actionpack-2.3.5/lib/action_controller/dispatcher.rb:130:in `build_middleware_stack'
/Users/adam/.gem/ruby/1.8/gems/activerecord-2.3.5/lib/active_record/query_cache.rb:29:in `call'
/Users/adam/.gem/ruby/1.8/gems/activerecord-2.3.5/lib/active_record/query_cache.rb:29:in `call'
/Users/adam/.gem/ruby/1.8/gems/activerecord-2.3.5/lib/active_record/connection_adapters/abstract/query_cache.rb:34:in `cache'
/Users/adam/.gem/ruby/1.8/gems/activerecord-2.3.5/lib/active_record/query_cache.rb:9:in `cache'
/Users/adam/.gem/ruby/1.8/gems/activerecord-2.3.5/lib/active_record/query_cache.rb:28:in `call'
/Users/adam/.gem/ruby/1.8/gems/activerecord-2.3.5/lib/active_record/connection_adapters/abstract/connection_pool.rb:361:in `call'
/Users/adam/.gem/ruby/1.8/gems/actionpack-2.3.5/lib/action_controller/string_coercion.rb:25:in `call'
/Users/adam/.gem/ruby/1.8/gems/rack-1.0.1/lib/rack/head.rb:9:in `call'
/Users/adam/.gem/ruby/1.8/gems/rack-1.0.1/lib/rack/methodoverride.rb:24:in `call'
/Users/adam/.gem/ruby/1.8/gems/actionpack-2.3.5/lib/action_controller/params_parser.rb:15:in `call'
/Users/adam/.gem/ruby/1.8/gems/actionpack-2.3.5/lib/action_controller/session/cookie_store.rb:93:in `call'
/Users/adam/.gem/ruby/1.8/gems/actionpack-2.3.5/lib/action_controller/failsafe.rb:26:in `call'
/Users/adam/.gem/ruby/1.8/gems/rack-1.0.1/lib/rack/lock.rb:11:in `call'
/Users/adam/.gem/ruby/1.8/gems/rack-1.0.1/lib/rack/lock.rb:11:in `synchronize'
/Users/adam/.gem/ruby/1.8/gems/rack-1.0.1/lib/rack/lock.rb:11:in `call'
/Users/adam/.gem/ruby/1.8/gems/actionpack-2.3.5/lib/action_controller/dispatcher.rb:114:in `call'
/Users/adam/.gem/ruby/1.8/gems/actionpack-2.3.5/lib/action_controller/reloader.rb:34:in `run'
/Users/adam/.gem/ruby/1.8/gems/actionpack-2.3.5/lib/action_controller/dispatcher.rb:108:in `call'
/Library/Ruby/Gems/1.8/gems/rails-2.3.5/lib/rails/rack/static.rb:31:in `call'
/Users/adam/.gem/ruby/1.8/gems/rack-1.0.1/lib/rack/urlmap.rb:46:in `call'
/Users/adam/.gem/ruby/1.8/gems/rack-1.0.1/lib/rack/urlmap.rb:40:in `each'
/Users/adam/.gem/ruby/1.8/gems/rack-1.0.1/lib/rack/urlmap.rb:40:in `call'
/Library/Ruby/Gems/1.8/gems/rails-2.3.5/lib/rails/rack/log_tailer.rb:17:in `call'
/Users/adam/.gem/ruby/1.8/gems/rack-1.0.1/lib/rack/content_length.rb:13:in `call'
/Users/adam/.gem/ruby/1.8/gems/rack-1.0.1/lib/rack/chunked.rb:15:in `call'
/Users/adam/.gem/ruby/1.8/gems/rack-1.0.1/lib/rack/handler/mongrel.rb:64:in `process'
/Library/Ruby/Gems/1.8/gems/mongrel-1.1.5/lib/mongrel.rb:159:in `process_client'
/Library/Ruby/Gems/1.8/gems/mongrel-1.1.5/lib/mongrel.rb:158:in `each'
/Library/Ruby/Gems/1.8/gems/mongrel-1.1.5/lib/mongrel.rb:158:in `process_client'
/Library/Ruby/Gems/1.8/gems/mongrel-1.1.5/lib/mongrel.rb:285:in `run'
/Library/Ruby/Gems/1.8/gems/mongrel-1.1.5/lib/mongrel.rb:285:in `initialize'
/Library/Ruby/Gems/1.8/gems/mongrel-1.1.5/lib/mongrel.rb:285:in `new'
/Library/Ruby/Gems/1.8/gems/mongrel-1.1.5/lib/mongrel.rb:285:in `run'
/Library/Ruby/Gems/1.8/gems/mongrel-1.1.5/lib/mongrel.rb:268:in `initialize'
/Library/Ruby/Gems/1.8/gems/mongrel-1.1.5/lib/mongrel.rb:268:in `new'
/Library/Ruby/Gems/1.8/gems/mongrel-1.1.5/lib/mongrel.rb:268:in `run'
/Users/adam/.gem/ruby/1.8/gems/rack-1.0.1/lib/rack/handler/mongrel.rb:34:in `run'
/Library/Ruby/Gems/1.8/gems/rails-2.3.5/lib/commands/server.rb:111
/Library/Ruby/Site/1.8/rubygems/custom_require.rb:31:in `gem_original_require'
/Library/Ruby/Site/1.8/rubygems/custom_require.rb:31:in `require'
./script/server:3

ActionView::TemplateError (compile error
/Users/adam/work/intro_to_web_dev/intro-to-web-dev/projects/volunteer/master/app/views/organizations/index.erb:6: syntax error, unexpected ')'
...concat(( @orgs.each do |org| ).to_s); @output_buffer.concat ...
                              ^
/Users/adam/work/intro_to_web_dev/intro-to-web-dev/projects/volunteer/master/app/views/organizations/index.erb:10: syntax error, unexpected kENSURE, expecting ')'
/Users/adam/work/intro_to_web_dev/intro-to-web-dev/projects/volunteer/master/app/views/organizations/index.erb:12: syntax error, unexpected kEND, expecting ')') on line #6 of app/views/organizations/index.erb:
3: </p>
4: <%= @orgs.length %>
5: <ul>
6: <%= @orgs.each do |org| %>
7:   <li><%= org.address %></li>
8: <% end %>
9: </ul>

    app/views/organizations/index.erb:12:in `compile!'

Rendered rescues/_trace (39.8ms)
Rendered rescues/_request_and_response (0.3ms)
Rendering rescues/layout (internal_server_error)
  [4;35;1mSQL (0.1ms)[0m   [0mSET SQL_AUTO_IS_NULL=0[0m


Processing OrganizationsController#index (for 127.0.0.1 at 2010-02-08 23:01:54) [GET]
  [4;36;1mOrganization Load (0.3ms)[0m   [0;1mSELECT * FROM `organizations` [0m
Rendering organizations/index
ERROR: compiling _run_erb_app47views47organizations47index46erb RAISED compile error
/Users/adam/work/intro_to_web_dev/intro-to-web-dev/projects/volunteer/master/app/views/organizations/index.erb:6: syntax error, unexpected ')'
...er.concat(( @orgs.each |org| ).to_s); @output_buffer.concat ...
                              ^
/Users/adam/work/intro_to_web_dev/intro-to-web-dev/projects/volunteer/master/app/views/organizations/index.erb:10: syntax error, unexpected kENSURE, expecting $end
Function body:           def _run_erb_app47views47organizations47index46erb(local_assigns)
            old_output_buffer = output_buffer;;@output_buffer = '';  __in_erb_template=true ; @output_buffer.concat "<p>\n  <a href=\"/organizations/create\">create new</a>\n</p>\n"


; @output_buffer.concat(( @orgs.length ).to_s); @output_buffer.concat "\n<ul>\n"

; @output_buffer.concat(( @orgs.each |org| ).to_s); @output_buffer.concat "\n  <li>"
; @output_buffer.concat(( org.address ).to_s); @output_buffer.concat "</li>\n"
;  end ; @output_buffer.concat "\n</ul>"
; @output_buffer
          ensure
            self.output_buffer = old_output_buffer
          end
Backtrace: /Users/adam/work/intro_to_web_dev/intro-to-web-dev/projects/volunteer/master/app/views/organizations/index.erb:10:in `compile!'
/Users/adam/.gem/ruby/1.8/gems/actionpack-2.3.5/lib/action_view/renderable.rb:61:in `compile'
/Users/adam/.gem/ruby/1.8/gems/actionpack-2.3.5/lib/action_view/renderable.rb:28:in `render'
/Users/adam/.gem/ruby/1.8/gems/actionpack-2.3.5/lib/action_view/template.rb:205:in `render_template'
/Users/adam/.gem/ruby/1.8/gems/actionpack-2.3.5/lib/action_view/base.rb:265:in `render'
/Users/adam/.gem/ruby/1.8/gems/actionpack-2.3.5/lib/action_controller/base.rb:1250:in `render_for_file'
/Users/adam/.gem/ruby/1.8/gems/actionpack-2.3.5/lib/action_controller/base.rb:945:in `render_without_benchmark'
/Users/adam/.gem/ruby/1.8/gems/actionpack-2.3.5/lib/action_controller/benchmarking.rb:51:in `render'
/Users/adam/.gem/ruby/1.8/gems/activesupport-2.3.5/lib/active_support/core_ext/benchmark.rb:17:in `ms'
/System/Library/Frameworks/Ruby.framework/Versions/1.8/usr/lib/ruby/1.8/benchmark.rb:308:in `realtime'
/Users/adam/.gem/ruby/1.8/gems/activesupport-2.3.5/lib/active_support/core_ext/benchmark.rb:17:in `ms'
/Users/adam/.gem/ruby/1.8/gems/actionpack-2.3.5/lib/action_controller/benchmarking.rb:51:in `render'
/Users/adam/.gem/ruby/1.8/gems/actionpack-2.3.5/lib/action_controller/base.rb:1326:in `default_render'
/Users/adam/.gem/ruby/1.8/gems/actionpack-2.3.5/lib/action_controller/base.rb:1332:in `perform_action_without_filters'
/Users/adam/.gem/ruby/1.8/gems/actionpack-2.3.5/lib/action_controller/filters.rb:617:in `call_filters'
/Users/adam/.gem/ruby/1.8/gems/actionpack-2.3.5/lib/action_controller/filters.rb:610:in `perform_action_without_benchmark'
/Users/adam/.gem/ruby/1.8/gems/actionpack-2.3.5/lib/action_controller/benchmarking.rb:68:in `perform_action_without_rescue'
/Users/adam/.gem/ruby/1.8/gems/activesupport-2.3.5/lib/active_support/core_ext/benchmark.rb:17:in `ms'
/System/Library/Frameworks/Ruby.framework/Versions/1.8/usr/lib/ruby/1.8/benchmark.rb:308:in `realtime'
/Users/adam/.gem/ruby/1.8/gems/activesupport-2.3.5/lib/active_support/core_ext/benchmark.rb:17:in `ms'
/Users/adam/.gem/ruby/1.8/gems/actionpack-2.3.5/lib/action_controller/benchmarking.rb:68:in `perform_action_without_rescue'
/Users/adam/.gem/ruby/1.8/gems/actionpack-2.3.5/lib/action_controller/rescue.rb:160:in `perform_action_without_flash'
/Users/adam/.gem/ruby/1.8/gems/actionpack-2.3.5/lib/action_controller/flash.rb:146:in `perform_action'
/Users/adam/.gem/ruby/1.8/gems/actionpack-2.3.5/lib/action_controller/base.rb:532:in `send'
/Users/adam/.gem/ruby/1.8/gems/actionpack-2.3.5/lib/action_controller/base.rb:532:in `process_without_filters'
/Users/adam/.gem/ruby/1.8/gems/actionpack-2.3.5/lib/action_controller/filters.rb:606:in `process'
/Users/adam/.gem/ruby/1.8/gems/actionpack-2.3.5/lib/action_controller/base.rb:391:in `process'
/Users/adam/.gem/ruby/1.8/gems/actionpack-2.3.5/lib/action_controller/base.rb:386:in `call'
/Users/adam/.gem/ruby/1.8/gems/actionpack-2.3.5/lib/action_controller/routing/route_set.rb:437:in `call'
/Users/adam/.gem/ruby/1.8/gems/actionpack-2.3.5/lib/action_controller/dispatcher.rb:87:in `dispatch'
/Users/adam/.gem/ruby/1.8/gems/actionpack-2.3.5/lib/action_controller/dispatcher.rb:121:in `_call'
/Users/adam/.gem/ruby/1.8/gems/actionpack-2.3.5/lib/action_controller/dispatcher.rb:130:in `build_middleware_stack'
/Users/adam/.gem/ruby/1.8/gems/activerecord-2.3.5/lib/active_record/query_cache.rb:29:in `call'
/Users/adam/.gem/ruby/1.8/gems/activerecord-2.3.5/lib/active_record/query_cache.rb:29:in `call'
/Users/adam/.gem/ruby/1.8/gems/activerecord-2.3.5/lib/active_record/connection_adapters/abstract/query_cache.rb:34:in `cache'
/Users/adam/.gem/ruby/1.8/gems/activerecord-2.3.5/lib/active_record/query_cache.rb:9:in `cache'
/Users/adam/.gem/ruby/1.8/gems/activerecord-2.3.5/lib/active_record/query_cache.rb:28:in `call'
/Users/adam/.gem/ruby/1.8/gems/activerecord-2.3.5/lib/active_record/connection_adapters/abstract/connection_pool.rb:361:in `call'
/Users/adam/.gem/ruby/1.8/gems/actionpack-2.3.5/lib/action_controller/string_coercion.rb:25:in `call'
/Users/adam/.gem/ruby/1.8/gems/rack-1.0.1/lib/rack/head.rb:9:in `call'
/Users/adam/.gem/ruby/1.8/gems/rack-1.0.1/lib/rack/methodoverride.rb:24:in `call'
/Users/adam/.gem/ruby/1.8/gems/actionpack-2.3.5/lib/action_controller/params_parser.rb:15:in `call'
/Users/adam/.gem/ruby/1.8/gems/actionpack-2.3.5/lib/action_controller/session/cookie_store.rb:93:in `call'
/Users/adam/.gem/ruby/1.8/gems/actionpack-2.3.5/lib/action_controller/failsafe.rb:26:in `call'
/Users/adam/.gem/ruby/1.8/gems/rack-1.0.1/lib/rack/lock.rb:11:in `call'
/Users/adam/.gem/ruby/1.8/gems/rack-1.0.1/lib/rack/lock.rb:11:in `synchronize'
/Users/adam/.gem/ruby/1.8/gems/rack-1.0.1/lib/rack/lock.rb:11:in `call'
/Users/adam/.gem/ruby/1.8/gems/actionpack-2.3.5/lib/action_controller/dispatcher.rb:114:in `call'
/Users/adam/.gem/ruby/1.8/gems/actionpack-2.3.5/lib/action_controller/reloader.rb:34:in `run'
/Users/adam/.gem/ruby/1.8/gems/actionpack-2.3.5/lib/action_controller/dispatcher.rb:108:in `call'
/Library/Ruby/Gems/1.8/gems/rails-2.3.5/lib/rails/rack/static.rb:31:in `call'
/Users/adam/.gem/ruby/1.8/gems/rack-1.0.1/lib/rack/urlmap.rb:46:in `call'
/Users/adam/.gem/ruby/1.8/gems/rack-1.0.1/lib/rack/urlmap.rb:40:in `each'
/Users/adam/.gem/ruby/1.8/gems/rack-1.0.1/lib/rack/urlmap.rb:40:in `call'
/Library/Ruby/Gems/1.8/gems/rails-2.3.5/lib/rails/rack/log_tailer.rb:17:in `call'
/Users/adam/.gem/ruby/1.8/gems/rack-1.0.1/lib/rack/content_length.rb:13:in `call'
/Users/adam/.gem/ruby/1.8/gems/rack-1.0.1/lib/rack/chunked.rb:15:in `call'
/Users/adam/.gem/ruby/1.8/gems/rack-1.0.1/lib/rack/handler/mongrel.rb:64:in `process'
/Library/Ruby/Gems/1.8/gems/mongrel-1.1.5/lib/mongrel.rb:159:in `process_client'
/Library/Ruby/Gems/1.8/gems/mongrel-1.1.5/lib/mongrel.rb:158:in `each'
/Library/Ruby/Gems/1.8/gems/mongrel-1.1.5/lib/mongrel.rb:158:in `process_client'
/Library/Ruby/Gems/1.8/gems/mongrel-1.1.5/lib/mongrel.rb:285:in `run'
/Library/Ruby/Gems/1.8/gems/mongrel-1.1.5/lib/mongrel.rb:285:in `initialize'
/Library/Ruby/Gems/1.8/gems/mongrel-1.1.5/lib/mongrel.rb:285:in `new'
/Library/Ruby/Gems/1.8/gems/mongrel-1.1.5/lib/mongrel.rb:285:in `run'
/Library/Ruby/Gems/1.8/gems/mongrel-1.1.5/lib/mongrel.rb:268:in `initialize'
/Library/Ruby/Gems/1.8/gems/mongrel-1.1.5/lib/mongrel.rb:268:in `new'
/Library/Ruby/Gems/1.8/gems/mongrel-1.1.5/lib/mongrel.rb:268:in `run'
/Users/adam/.gem/ruby/1.8/gems/rack-1.0.1/lib/rack/handler/mongrel.rb:34:in `run'
/Library/Ruby/Gems/1.8/gems/rails-2.3.5/lib/commands/server.rb:111
/Library/Ruby/Site/1.8/rubygems/custom_require.rb:31:in `gem_original_require'
/Library/Ruby/Site/1.8/rubygems/custom_require.rb:31:in `require'
./script/server:3

ActionView::TemplateError (compile error
/Users/adam/work/intro_to_web_dev/intro-to-web-dev/projects/volunteer/master/app/views/organizations/index.erb:6: syntax error, unexpected ')'
...er.concat(( @orgs.each |org| ).to_s); @output_buffer.concat ...
                              ^
/Users/adam/work/intro_to_web_dev/intro-to-web-dev/projects/volunteer/master/app/views/organizations/index.erb:10: syntax error, unexpected kENSURE, expecting $end) on line #6 of app/views/organizations/index.erb:
3: </p>
4: <%= @orgs.length %>
5: <ul>
6: <%= @orgs.each |org| %>
7:   <li><%= org.address %></li>
8: <% end %>
9: </ul>

    app/views/organizations/index.erb:10:in `compile!'

Rendered rescues/_trace (39.4ms)
Rendered rescues/_request_and_response (0.3ms)
Rendering rescues/layout (internal_server_error)
  [4;35;1mSQL (0.1ms)[0m   [0mSET SQL_AUTO_IS_NULL=0[0m


Processing OrganizationsController#index (for 127.0.0.1 at 2010-02-08 23:02:03) [GET]
  [4;36;1mOrganization Load (0.3ms)[0m   [0;1mSELECT * FROM `organizations` [0m
Rendering organizations/index
ERROR: compiling _run_erb_app47views47organizations47index46erb RAISED compile error
/Users/adam/work/intro_to_web_dev/intro-to-web-dev/projects/volunteer/master/app/views/organizations/index.erb:6: syntax error, unexpected ';'
;  @orgs.each |org| ; @output_buffer.concat "\n  <li>"
                     ^
/Users/adam/work/intro_to_web_dev/intro-to-web-dev/projects/volunteer/master/app/views/organizations/index.erb:10: syntax error, unexpected kENSURE, expecting $end
Function body:           def _run_erb_app47views47organizations47index46erb(local_assigns)
            old_output_buffer = output_buffer;;@output_buffer = '';  __in_erb_template=true ; @output_buffer.concat "<p>\n  <a href=\"/organizations/create\">create new</a>\n</p>\n"


; @output_buffer.concat(( @orgs.length ).to_s); @output_buffer.concat "\n<ul>\n"

;  @orgs.each |org| ; @output_buffer.concat "\n  <li>"
; @output_buffer.concat(( org.address ).to_s); @output_buffer.concat "</li>\n"
;  end ; @output_buffer.concat "\n</ul>"
; @output_buffer
          ensure
            self.output_buffer = old_output_buffer
          end
Backtrace: /Users/adam/work/intro_to_web_dev/intro-to-web-dev/projects/volunteer/master/app/views/organizations/index.erb:10:in `compile!'
/Users/adam/.gem/ruby/1.8/gems/actionpack-2.3.5/lib/action_view/renderable.rb:61:in `compile'
/Users/adam/.gem/ruby/1.8/gems/actionpack-2.3.5/lib/action_view/renderable.rb:28:in `render'
/Users/adam/.gem/ruby/1.8/gems/actionpack-2.3.5/lib/action_view/template.rb:205:in `render_template'
/Users/adam/.gem/ruby/1.8/gems/actionpack-2.3.5/lib/action_view/base.rb:265:in `render'
/Users/adam/.gem/ruby/1.8/gems/actionpack-2.3.5/lib/action_controller/base.rb:1250:in `render_for_file'
/Users/adam/.gem/ruby/1.8/gems/actionpack-2.3.5/lib/action_controller/base.rb:945:in `render_without_benchmark'
/Users/adam/.gem/ruby/1.8/gems/actionpack-2.3.5/lib/action_controller/benchmarking.rb:51:in `render'
/Users/adam/.gem/ruby/1.8/gems/activesupport-2.3.5/lib/active_support/core_ext/benchmark.rb:17:in `ms'
/System/Library/Frameworks/Ruby.framework/Versions/1.8/usr/lib/ruby/1.8/benchmark.rb:308:in `realtime'
/Users/adam/.gem/ruby/1.8/gems/activesupport-2.3.5/lib/active_support/core_ext/benchmark.rb:17:in `ms'
/Users/adam/.gem/ruby/1.8/gems/actionpack-2.3.5/lib/action_controller/benchmarking.rb:51:in `render'
/Users/adam/.gem/ruby/1.8/gems/actionpack-2.3.5/lib/action_controller/base.rb:1326:in `default_render'
/Users/adam/.gem/ruby/1.8/gems/actionpack-2.3.5/lib/action_controller/base.rb:1332:in `perform_action_without_filters'
/Users/adam/.gem/ruby/1.8/gems/actionpack-2.3.5/lib/action_controller/filters.rb:617:in `call_filters'
/Users/adam/.gem/ruby/1.8/gems/actionpack-2.3.5/lib/action_controller/filters.rb:610:in `perform_action_without_benchmark'
/Users/adam/.gem/ruby/1.8/gems/actionpack-2.3.5/lib/action_controller/benchmarking.rb:68:in `perform_action_without_rescue'
/Users/adam/.gem/ruby/1.8/gems/activesupport-2.3.5/lib/active_support/core_ext/benchmark.rb:17:in `ms'
/System/Library/Frameworks/Ruby.framework/Versions/1.8/usr/lib/ruby/1.8/benchmark.rb:308:in `realtime'
/Users/adam/.gem/ruby/1.8/gems/activesupport-2.3.5/lib/active_support/core_ext/benchmark.rb:17:in `ms'
/Users/adam/.gem/ruby/1.8/gems/actionpack-2.3.5/lib/action_controller/benchmarking.rb:68:in `perform_action_without_rescue'
/Users/adam/.gem/ruby/1.8/gems/actionpack-2.3.5/lib/action_controller/rescue.rb:160:in `perform_action_without_flash'
/Users/adam/.gem/ruby/1.8/gems/actionpack-2.3.5/lib/action_controller/flash.rb:146:in `perform_action'
/Users/adam/.gem/ruby/1.8/gems/actionpack-2.3.5/lib/action_controller/base.rb:532:in `send'
/Users/adam/.gem/ruby/1.8/gems/actionpack-2.3.5/lib/action_controller/base.rb:532:in `process_without_filters'
/Users/adam/.gem/ruby/1.8/gems/actionpack-2.3.5/lib/action_controller/filters.rb:606:in `process'
/Users/adam/.gem/ruby/1.8/gems/actionpack-2.3.5/lib/action_controller/base.rb:391:in `process'
/Users/adam/.gem/ruby/1.8/gems/actionpack-2.3.5/lib/action_controller/base.rb:386:in `call'
/Users/adam/.gem/ruby/1.8/gems/actionpack-2.3.5/lib/action_controller/routing/route_set.rb:437:in `call'
/Users/adam/.gem/ruby/1.8/gems/actionpack-2.3.5/lib/action_controller/dispatcher.rb:87:in `dispatch'
/Users/adam/.gem/ruby/1.8/gems/actionpack-2.3.5/lib/action_controller/dispatcher.rb:121:in `_call'
/Users/adam/.gem/ruby/1.8/gems/actionpack-2.3.5/lib/action_controller/dispatcher.rb:130:in `build_middleware_stack'
/Users/adam/.gem/ruby/1.8/gems/activerecord-2.3.5/lib/active_record/query_cache.rb:29:in `call'
/Users/adam/.gem/ruby/1.8/gems/activerecord-2.3.5/lib/active_record/query_cache.rb:29:in `call'
/Users/adam/.gem/ruby/1.8/gems/activerecord-2.3.5/lib/active_record/connection_adapters/abstract/query_cache.rb:34:in `cache'
/Users/adam/.gem/ruby/1.8/gems/activerecord-2.3.5/lib/active_record/query_cache.rb:9:in `cache'
/Users/adam/.gem/ruby/1.8/gems/activerecord-2.3.5/lib/active_record/query_cache.rb:28:in `call'
/Users/adam/.gem/ruby/1.8/gems/activerecord-2.3.5/lib/active_record/connection_adapters/abstract/connection_pool.rb:361:in `call'
/Users/adam/.gem/ruby/1.8/gems/actionpack-2.3.5/lib/action_controller/string_coercion.rb:25:in `call'
/Users/adam/.gem/ruby/1.8/gems/rack-1.0.1/lib/rack/head.rb:9:in `call'
/Users/adam/.gem/ruby/1.8/gems/rack-1.0.1/lib/rack/methodoverride.rb:24:in `call'
/Users/adam/.gem/ruby/1.8/gems/actionpack-2.3.5/lib/action_controller/params_parser.rb:15:in `call'
/Users/adam/.gem/ruby/1.8/gems/actionpack-2.3.5/lib/action_controller/session/cookie_store.rb:93:in `call'
/Users/adam/.gem/ruby/1.8/gems/actionpack-2.3.5/lib/action_controller/failsafe.rb:26:in `call'
/Users/adam/.gem/ruby/1.8/gems/rack-1.0.1/lib/rack/lock.rb:11:in `call'
/Users/adam/.gem/ruby/1.8/gems/rack-1.0.1/lib/rack/lock.rb:11:in `synchronize'
/Users/adam/.gem/ruby/1.8/gems/rack-1.0.1/lib/rack/lock.rb:11:in `call'
/Users/adam/.gem/ruby/1.8/gems/actionpack-2.3.5/lib/action_controller/dispatcher.rb:114:in `call'
/Users/adam/.gem/ruby/1.8/gems/actionpack-2.3.5/lib/action_controller/reloader.rb:34:in `run'
/Users/adam/.gem/ruby/1.8/gems/actionpack-2.3.5/lib/action_controller/dispatcher.rb:108:in `call'
/Library/Ruby/Gems/1.8/gems/rails-2.3.5/lib/rails/rack/static.rb:31:in `call'
/Users/adam/.gem/ruby/1.8/gems/rack-1.0.1/lib/rack/urlmap.rb:46:in `call'
/Users/adam/.gem/ruby/1.8/gems/rack-1.0.1/lib/rack/urlmap.rb:40:in `each'
/Users/adam/.gem/ruby/1.8/gems/rack-1.0.1/lib/rack/urlmap.rb:40:in `call'
/Library/Ruby/Gems/1.8/gems/rails-2.3.5/lib/rails/rack/log_tailer.rb:17:in `call'
/Users/adam/.gem/ruby/1.8/gems/rack-1.0.1/lib/rack/content_length.rb:13:in `call'
/Users/adam/.gem/ruby/1.8/gems/rack-1.0.1/lib/rack/chunked.rb:15:in `call'
/Users/adam/.gem/ruby/1.8/gems/rack-1.0.1/lib/rack/handler/mongrel.rb:64:in `process'
/Library/Ruby/Gems/1.8/gems/mongrel-1.1.5/lib/mongrel.rb:159:in `process_client'
/Library/Ruby/Gems/1.8/gems/mongrel-1.1.5/lib/mongrel.rb:158:in `each'
/Library/Ruby/Gems/1.8/gems/mongrel-1.1.5/lib/mongrel.rb:158:in `process_client'
/Library/Ruby/Gems/1.8/gems/mongrel-1.1.5/lib/mongrel.rb:285:in `run'
/Library/Ruby/Gems/1.8/gems/mongrel-1.1.5/lib/mongrel.rb:285:in `initialize'
/Library/Ruby/Gems/1.8/gems/mongrel-1.1.5/lib/mongrel.rb:285:in `new'
/Library/Ruby/Gems/1.8/gems/mongrel-1.1.5/lib/mongrel.rb:285:in `run'
/Library/Ruby/Gems/1.8/gems/mongrel-1.1.5/lib/mongrel.rb:268:in `initialize'
/Library/Ruby/Gems/1.8/gems/mongrel-1.1.5/lib/mongrel.rb:268:in `new'
/Library/Ruby/Gems/1.8/gems/mongrel-1.1.5/lib/mongrel.rb:268:in `run'
/Users/adam/.gem/ruby/1.8/gems/rack-1.0.1/lib/rack/handler/mongrel.rb:34:in `run'
/Library/Ruby/Gems/1.8/gems/rails-2.3.5/lib/commands/server.rb:111
/Library/Ruby/Site/1.8/rubygems/custom_require.rb:31:in `gem_original_require'
/Library/Ruby/Site/1.8/rubygems/custom_require.rb:31:in `require'
./script/server:3

ActionView::TemplateError (compile error
/Users/adam/work/intro_to_web_dev/intro-to-web-dev/projects/volunteer/master/app/views/organizations/index.erb:6: syntax error, unexpected ';'
;  @orgs.each |org| ; @output_buffer.concat "\n  <li>"
                     ^
/Users/adam/work/intro_to_web_dev/intro-to-web-dev/projects/volunteer/master/app/views/organizations/index.erb:10: syntax error, unexpected kENSURE, expecting $end) on line #6 of app/views/organizations/index.erb:
3: </p>
4: <%= @orgs.length %>
5: <ul>
6: <% @orgs.each |org| %>
7:   <li><%= org.address %></li>
8: <% end %>
9: </ul>

    app/views/organizations/index.erb:10:in `compile!'

Rendered rescues/_trace (39.3ms)
Rendered rescues/_request_and_response (0.3ms)
Rendering rescues/layout (internal_server_error)
  [4;35;1mSQL (0.1ms)[0m   [0mSET SQL_AUTO_IS_NULL=0[0m


Processing OrganizationsController#index (for 127.0.0.1 at 2010-02-08 23:02:18) [GET]
  [4;36;1mOrganization Load (0.3ms)[0m   [0;1mSELECT * FROM `organizations` [0m
Rendering organizations/index
  [4;35;1mOrganization Columns (1.2ms)[0m   [0mSHOW FIELDS FROM `organizations`[0m
Completed in 11ms (View: 6, DB: 2) | 200 OK [http://localhost/organizations/]
  [4;36;1mSQL (0.1ms)[0m   [0;1mSET SQL_AUTO_IS_NULL=0[0m


Processing OrganizationsController#index (for 127.0.0.1 at 2010-02-08 23:02:32) [GET]
  [4;35;1mOrganization Load (0.3ms)[0m   [0mSELECT * FROM `organizations` [0m
Rendering organizations/index
  [4;36;1mOrganization Columns (1.3ms)[0m   [0;1mSHOW FIELDS FROM `organizations`[0m
Completed in 12ms (View: 7, DB: 2) | 200 OK [http://localhost/organizations/]
  [4;35;1mSQL (0.2ms)[0m   [0mSET SQL_AUTO_IS_NULL=0[0m


Processing OrganizationsController#index (for 127.0.0.1 at 2010-02-08 23:02:45) [GET]
  [4;36;1mOrganization Load (0.4ms)[0m   [0;1mSELECT * FROM `organizations` [0m
Rendering organizations/index
  [4;35;1mOrganization Columns (1.7ms)[0m   [0mSHOW FIELDS FROM `organizations`[0m
Completed in 9ms (View: 3, DB: 2) | 200 OK [http://localhost/organizations/]
  [4;36;1mSQL (0.1ms)[0m   [0;1mSET SQL_AUTO_IS_NULL=0[0m


Processing OrganizationsController#index (for 127.0.0.1 at 2010-02-08 23:02:45) [GET]
  [4;35;1mOrganization Load (0.3ms)[0m   [0mSELECT * FROM `organizations` [0m
Rendering organizations/index
  [4;36;1mOrganization Columns (2.0ms)[0m   [0;1mSHOW FIELDS FROM `organizations`[0m
Completed in 8ms (View: 2, DB: 2) | 200 OK [http://localhost/organizations/]
  [4;35;1mSQL (0.1ms)[0m   [0mSET SQL_AUTO_IS_NULL=0[0m


Processing OrganizationsController#index (for 127.0.0.1 at 2010-02-08 23:02:55) [GET]
  [4;36;1mOrganization Load (0.3ms)[0m   [0;1mSELECT * FROM `organizations` [0m
Rendering organizations/index
  [4;35;1mOrganization Columns (1.3ms)[0m   [0mSHOW FIELDS FROM `organizations`[0m
Completed in 13ms (View: 7, DB: 2) | 200 OK [http://localhost/organizations/]
